# JRE version: OpenJDK Runtime Environment (17.0.7) (build 17.0.7+0-b2043.56-10550314)
# Java VM: OpenJDK 64-Bit Server VM (17.0.7+0-b2043.56-10550314, mixed mode, tiered, compressed oops, compressed class ptrs, g1 gc, windows-amd64)
GC Precious Log:
 CPUs: 8 total, 8 available
 Memory: 16137M
 Large Page Support: Disabled
 NUMA Support: Disabled
 Compressed Oops: Enabled (32-bit)
 Heap Region Size: 1M
 Heap Min Capacity: 8M
 Heap Initial Capacity: 254M
 Heap Max Capacity: 2G
 Pre-touch: Disabled
 Parallel Workers: 8
 Concurrent Workers: 2
 Concurrent Refinement Workers: 8
 Periodic GC: Disabled
Heap:
 garbage-first heap   total 304128K, used 227529K [0x0000000080000000, 0x0000000100000000)
  region size 1024K, 6 young (6144K), 6 survivors (6144K)
 Metaspace       used 130084K, committed 130944K, reserved 1179648K
  class space    used 17397K, committed 17856K, reserved 1048576K
GC Heap History (20 events):
Event: 29.462 GC heap after
{Heap after GC invocations=44 (full 0):
 garbage-first heap   total 304128K, used 172896K [0x0000000080000000, 0x0000000100000000)
  region size 1024K, 11 young (11264K), 11 survivors (11264K)
 Metaspace       used 118845K, committed 119680K, reserved 1179648K
  class space    used 15738K, committed 16128K, reserved 1048576K
}
Event: 29.712 GC heap before
{Heap before GC invocations=44 (full 0):
 garbage-first heap   total 304128K, used 248672K [0x0000000080000000, 0x0000000100000000)
  region size 1024K, 87 young (89088K), 11 survivors (11264K)
 Metaspace       used 118928K, committed 119808K, reserved 1179648K
  class space    used 15752K, committed 16192K, reserved 1048576K
}
Event: 29.725 GC heap after
{Heap after GC invocations=45 (full 0):
 garbage-first heap   total 304128K, used 174419K [0x0000000080000000, 0x0000000100000000)
  region size 1024K, 2 young (2048K), 2 survivors (2048K)
 Metaspace       used 118928K, committed 119808K, reserved 1179648K
  class space    used 15752K, committed 16192K, reserved 1048576K
}
Event: 29.984 GC heap before
{Heap before GC invocations=45 (full 0):
 garbage-first heap   total 304128K, used 252243K [0x0000000080000000, 0x0000000100000000)
  region size 1024K, 79 young (80896K), 2 survivors (2048K)
 Metaspace       used 118965K, committed 119808K, reserved 1179648K
  class space    used 15759K, committed 16192K, reserved 1048576K
}
Event: 29.987 GC heap after
{Heap after GC invocations=46 (full 0):
 garbage-first heap   total 304128K, used 174891K [0x0000000080000000, 0x0000000100000000)
  region size 1024K, 3 young (3072K), 3 survivors (3072K)
 Metaspace       used 118965K, committed 119808K, reserved 1179648K
  class space    used 15759K, committed 16192K, reserved 1048576K
}
Event: 30.416 GC heap before
{Heap before GC invocations=46 (full 0):
 garbage-first heap   total 304128K, used 254763K [0x0000000080000000, 0x0000000100000000)
  region size 1024K, 82 young (83968K), 3 survivors (3072K)
 Metaspace       used 118995K, committed 119872K, reserved 1179648K
  class space    used 15761K, committed 16192K, reserved 1048576K
}
Event: 30.420 GC heap after
{Heap after GC invocations=47 (full 0):
 garbage-first heap   total 304128K, used 175621K [0x0000000080000000, 0x0000000100000000)
  region size 1024K, 4 young (4096K), 4 survivors (4096K)
 Metaspace       used 118995K, committed 119872K, reserved 1179648K
  class space    used 15761K, committed 16192K, reserved 1048576K
}
Event: 32.047 GC heap before
{Heap before GC invocations=47 (full 0):
 garbage-first heap   total 304128K, used 257541K [0x0000000080000000, 0x0000000100000000)
  region size 1024K, 85 young (87040K), 4 survivors (4096K)
 Metaspace       used 119798K, committed 120640K, reserved 1179648K
  class space    used 15835K, committed 16256K, reserved 1048576K
}
Event: 32.052 GC heap after
{Heap after GC invocations=48 (full 0):
 garbage-first heap   total 304128K, used 178169K [0x0000000080000000, 0x0000000100000000)
  region size 1024K, 6 young (6144K), 6 survivors (6144K)
 Metaspace       used 119798K, committed 120640K, reserved 1179648K
  class space    used 15835K, committed 16256K, reserved 1048576K
}
Event: 32.850 GC heap before
{Heap before GC invocations=48 (full 0):
 garbage-first heap   total 304128K, used 258041K [0x0000000080000000, 0x0000000100000000)
  region size 1024K, 85 young (87040K), 6 survivors (6144K)
 Metaspace       used 120945K, committed 121856K, reserved 1179648K
  class space    used 15992K, committed 16448K, reserved 1048576K
}
Event: 32.860 GC heap after
{Heap after GC invocations=49 (full 0):
 garbage-first heap   total 304128K, used 187479K [0x0000000080000000, 0x0000000100000000)
  region size 1024K, 11 young (11264K), 11 survivors (11264K)
 Metaspace       used 120945K, committed 121856K, reserved 1179648K
  class space    used 15992K, committed 16448K, reserved 1048576K
}
Event: 33.587 GC heap before
{Heap before GC invocations=49 (full 0):
 garbage-first heap   total 304128K, used 254039K [0x0000000080000000, 0x0000000100000000)
  region size 1024K, 77 young (78848K), 11 survivors (11264K)
 Metaspace       used 125319K, committed 126208K, reserved 1179648K
  class space    used 16646K, committed 17088K, reserved 1048576K
}
Event: 33.599 GC heap after
{Heap after GC invocations=50 (full 0):
 garbage-first heap   total 304128K, used 195646K [0x0000000080000000, 0x0000000100000000)
  region size 1024K, 9 young (9216K), 9 survivors (9216K)
 Metaspace       used 125319K, committed 126208K, reserved 1179648K
  class space    used 16646K, committed 17088K, reserved 1048576K
}
Event: 33.987 GC heap before
{Heap before GC invocations=50 (full 0):
 garbage-first heap   total 304128K, used 254014K [0x0000000080000000, 0x0000000100000000)
  region size 1024K, 67 young (68608K), 9 survivors (9216K)
 Metaspace       used 127153K, committed 128000K, reserved 1179648K
  class space    used 16928K, committed 17344K, reserved 1048576K
}
Event: 34.004 GC heap after
{Heap after GC invocations=51 (full 0):
 garbage-first heap   total 304128K, used 205107K [0x0000000080000000, 0x0000000100000000)
  region size 1024K, 9 young (9216K), 9 survivors (9216K)
 Metaspace       used 127153K, committed 128000K, reserved 1179648K
  class space    used 16928K, committed 17344K, reserved 1048576K
}
Event: 34.389 GC heap before
{Heap before GC invocations=51 (full 0):
 garbage-first heap   total 304128K, used 254259K [0x0000000080000000, 0x0000000100000000)
  region size 1024K, 58 young (59392K), 9 survivors (9216K)
 Metaspace       used 127961K, committed 128768K, reserved 1179648K
  class space    used 17050K, committed 17472K, reserved 1048576K
}
Event: 34.407 GC heap after
{Heap after GC invocations=52 (full 0):
 garbage-first heap   total 304128K, used 214205K [0x0000000080000000, 0x0000000100000000)
  region size 1024K, 8 young (8192K), 8 survivors (8192K)
 Metaspace       used 127961K, committed 128768K, reserved 1179648K
  class space    used 17050K, committed 17472K, reserved 1048576K
}
Event: 34.636 GC heap before
{Heap before GC invocations=52 (full 0):
 garbage-first heap   total 304128K, used 255165K [0x0000000080000000, 0x0000000100000000)
  region size 1024K, 49 young (50176K), 8 survivors (8192K)
 Metaspace       used 129518K, committed 130368K, reserved 1179648K
  class space    used 17301K, committed 17728K, reserved 1048576K
}
Event: 34.652 GC heap after
{Heap after GC invocations=53 (full 0):
 garbage-first heap   total 304128K, used 221852K [0x0000000080000000, 0x0000000100000000)
  region size 1024K, 7 young (7168K), 7 survivors (7168K)
 Metaspace       used 129518K, committed 130368K, reserved 1179648K
  class space    used 17301K, committed 17728K, reserved 1048576K
}
Event: 34.769 GC heap before
{Heap before GC invocations=53 (full 0):
 garbage-first heap   total 304128K, used 257692K [0x0000000080000000, 0x0000000100000000)
  region size 1024K, 43 young (44032K), 7 survivors (7168K)
 Metaspace       used 130084K, committed 130944K, reserved 1179648K
  class space    used 17397K, committed 17856K, reserved 1048576K
}

